{"/usr/app/src/graphql/index.ts": {"path":"/usr/app/src/graphql/index.ts","statementMap":{"0":{"start":{"line":1,"column":0},"end":{"line":1,"column":24}},"1":{"start":{"line":2,"column":0},"end":{"line":2,"column":28}}},"fnMap":{},"branchMap":{},"s":{"0":1,"1":1},"f":{},"b":{}}
,"/usr/app/src/graphql/resolvers.ts": {"path":"/usr/app/src/graphql/resolvers.ts","statementMap":{"0":{"start":{"line":1,"column":0},"end":{"line":1,"column":31}},"1":{"start":{"line":2,"column":34},"end":{"line":17,"column":2}},"2":{"start":{"line":2,"column":80},"end":{"line":17,"column":2}},"3":{"start":{"line":3,"column":4},"end":{"line":16,"column":null}},"4":{"start":{"line":4,"column":30},"end":{"line":12,"column":10}},"5":{"start":{"line":13,"column":8},"end":{"line":13,"column":42}},"6":{"start":{"line":15,"column":8},"end":{"line":15,"column":36}},"7":{"start":{"line":2,"column":13},"end":{"line":2,"column":34}}},"fnMap":{"0":{"name":"(anonymous_8)","decl":{"start":{"line":2,"column":34},"end":{"line":2,"column":41}},"loc":{"start":{"line":2,"column":80},"end":{"line":17,"column":2}}},"1":{"name":"(anonymous_9)","decl":{"start":{"line":2,"column":80},"end":{"line":2,"column":null}},"loc":{"start":{"line":2,"column":80},"end":{"line":17,"column":1}}}},"branchMap":{},"s":{"0":1,"1":1,"2":1,"3":1,"4":1,"5":1,"6":0,"7":1},"f":{"0":1,"1":1},"b":{}}
,"/usr/app/src/graphql/Audit/index.ts": {"path":"/usr/app/src/graphql/Audit/index.ts","statementMap":{"0":{"start":{"line":1,"column":13},"end":{"line":12,"column":2}}},"fnMap":{},"branchMap":{},"s":{"0":1},"f":{},"b":{}}
,"/usr/app/src/tests/data/index.ts": {"path":"/usr/app/src/tests/data/index.ts","statementMap":{"0":{"start":{"line":1,"column":13},"end":{"line":6,"column":2}},"1":{"start":{"line":8,"column":13},"end":{"line":8,"column":339}},"2":{"start":{"line":10,"column":13},"end":{"line":35,"column":null}},"3":{"start":{"line":37,"column":13},"end":{"line":79,"column":null}},"4":{"start":{"line":81,"column":13},"end":{"line":81,"column":41}},"5":{"start":{"line":83,"column":13},"end":{"line":86,"column":2}}},"fnMap":{},"branchMap":{},"s":{"0":1,"1":1,"2":1,"3":1,"4":1,"5":1},"f":{},"b":{}}
,"/usr/app/src/tests/graphql/index.ts": {"path":"/usr/app/src/tests/graphql/index.ts","statementMap":{"0":{"start":{"line":1,"column":0},"end":{"line":1,"column":25}},"1":{"start":{"line":2,"column":0},"end":{"line":2,"column":25}}},"fnMap":{},"branchMap":{},"s":{"0":1,"1":1},"f":{},"b":{}}
,"/usr/app/src/tests/graphql/insert.ts": {"path":"/usr/app/src/tests/graphql/insert.ts","statementMap":{"0":{"start":{"line":1,"column":13},"end":{"line":10,"column":2}}},"fnMap":{},"branchMap":{},"s":{"0":1},"f":{},"b":{}}
,"/usr/app/src/tests/graphql/update.ts": {"path":"/usr/app/src/tests/graphql/update.ts","statementMap":{"0":{"start":{"line":1,"column":13},"end":{"line":13,"column":2}},"1":{"start":{"line":15,"column":13},"end":{"line":27,"column":2}}},"fnMap":{},"branchMap":{},"s":{"0":1,"1":1},"f":{},"b":{}}
,"/usr/app/src/tests/utils/test_api.ts": {"path":"/usr/app/src/tests/utils/test_api.ts","statementMap":{"0":{"start":{"line":1,"column":0},"end":{"line":1,"column":31}},"1":{"start":{"line":3,"column":30},"end":{"line":19,"column":2}},"2":{"start":{"line":3,"column":83},"end":{"line":19,"column":2}},"3":{"start":{"line":4,"column":4},"end":{"line":18,"column":null}},"4":{"start":{"line":5,"column":30},"end":{"line":13,"column":10}},"5":{"start":{"line":15,"column":8},"end":{"line":15,"column":36}},"6":{"start":{"line":17,"column":8},"end":{"line":17,"column":36}},"7":{"start":{"line":3,"column":13},"end":{"line":3,"column":30}}},"fnMap":{"0":{"name":"(anonymous_8)","decl":{"start":{"line":3,"column":30},"end":{"line":3,"column":37}},"loc":{"start":{"line":3,"column":83},"end":{"line":19,"column":2}}},"1":{"name":"(anonymous_9)","decl":{"start":{"line":3,"column":83},"end":{"line":3,"column":null}},"loc":{"start":{"line":3,"column":83},"end":{"line":19,"column":1}}}},"branchMap":{},"s":{"0":1,"1":1,"2":4,"3":4,"4":4,"5":4,"6":0,"7":1},"f":{"0":4,"1":4},"b":{}}
}
