TN:
SF:src/graphql/index.ts
FNF:0
FNH:0
DA:1,1
DA:2,1
LF:2
LH:2
BRF:0
BRH:0
end_of_record
TN:
SF:src/graphql/resolvers.ts
FN:2,(anonymous_8)
FN:2,(anonymous_9)
FNF:2
FNH:2
FNDA:1,(anonymous_8)
FNDA:1,(anonymous_9)
DA:1,1
DA:2,1
DA:3,1
DA:4,1
DA:13,1
DA:15,0
LF:6
LH:5
BRF:0
BRH:0
end_of_record
TN:
SF:src/graphql/Audit/index.ts
FNF:0
FNH:0
DA:1,1
LF:1
LH:1
BRF:0
BRH:0
end_of_record
TN:
SF:src/tests/data/index.ts
FNF:0
FNH:0
DA:1,1
DA:8,1
DA:10,1
DA:37,1
DA:81,1
DA:83,1
LF:6
LH:6
BRF:0
BRH:0
end_of_record
TN:
SF:src/tests/graphql/index.ts
FNF:0
FNH:0
DA:1,1
DA:2,1
LF:2
LH:2
BRF:0
BRH:0
end_of_record
TN:
SF:src/tests/graphql/insert.ts
FNF:0
FNH:0
DA:1,1
LF:1
LH:1
BRF:0
BRH:0
end_of_record
TN:
SF:src/tests/graphql/update.ts
FNF:0
FNH:0
DA:1,1
DA:15,1
LF:2
LH:2
BRF:0
BRH:0
end_of_record
TN:
SF:src/tests/utils/test_api.ts
FN:3,(anonymous_8)
FN:3,(anonymous_9)
FNF:2
FNH:2
FNDA:4,(anonymous_8)
FNDA:4,(anonymous_9)
DA:1,1
DA:3,4
DA:4,4
DA:5,4
DA:15,4
DA:17,0
LF:6
LH:5
BRF:0
BRH:0
end_of_record
